<?xml version="1.0" encoding="UTF-8"?>
<!-- Generated by org.testng.reporters.JUnitXMLReporter -->
<testsuite hostname="WIN-CR95J4FK95G" ignored="0" name="All tests" tests="4" failures="0" timestamp="10 дек 2019 06:09:36 GMT" time="96.313" errors="0">
  <testcase name="searchHotelsWithCorrectData" time="24.727" classname="edu.krsvch.webdriver.test.HomePageTests"/>
  <testcase name="searchHotelsWithEmptyParams" time="14.781" classname="edu.krsvch.webdriver.test.HomePageTests"/>
  <testcase name="searchHotelsWithIncorrectDate" time="10.637" classname="edu.krsvch.webdriver.test.HomePageTests"/>
  <testcase name="searchHotelsWithSameFlyingFromAndGoingToData" time="30.007" classname="edu.krsvch.webdriver.test.HomePageTests"/>
</testsuite> <!-- All tests -->
