<?xml version="1.0" encoding="UTF-8"?>
<testng-results skipped="0" failed="0" ignored="0" total="4" passed="4">
  <reporter-output>
  </reporter-output>
  <suite name="All tests" duration-ms="96313" started-at="2019-12-10T06:08:00Z" finished-at="2019-12-10T06:09:36Z">
    <groups>
    </groups>
    <test name="All tests" duration-ms="96313" started-at="2019-12-10T06:08:00Z" finished-at="2019-12-10T06:09:36Z">
      <class name="edu.krsvch.webdriver.test.HomePageTests">
        <test-method status="PASS" signature="setUp()[pri:0, instance:edu.krsvch.webdriver.test.HomePageTests@5a61f5df]" name="setUp" is-config="true" duration-ms="4089" started-at="2019-12-10T06:08:00Z" finished-at="2019-12-10T06:08:04Z">
          <reporter-output>
          </reporter-output>
        </test-method> <!-- setUp -->
        <test-method status="PASS" signature="searchHotelsWithCorrectData()[pri:0, instance:edu.krsvch.webdriver.test.HomePageTests@5a61f5df]" name="searchHotelsWithCorrectData" duration-ms="24727" started-at="2019-12-10T06:08:04Z" description="case 3: Search hotel with correct data" finished-at="2019-12-10T06:08:29Z">
          <reporter-output>
          </reporter-output>
        </test-method> <!-- searchHotelsWithCorrectData -->
        <test-method status="PASS" signature="stopBrowser()[pri:0, instance:edu.krsvch.webdriver.test.HomePageTests@5a61f5df]" name="stopBrowser" is-config="true" duration-ms="651" started-at="2019-12-10T06:08:29Z" finished-at="2019-12-10T06:08:30Z">
          <reporter-output>
          </reporter-output>
        </test-method> <!-- stopBrowser -->
        <test-method status="PASS" signature="setUp()[pri:0, instance:edu.krsvch.webdriver.test.HomePageTests@5a61f5df]" name="setUp" is-config="true" duration-ms="3401" started-at="2019-12-10T06:08:30Z" finished-at="2019-12-10T06:08:33Z">
          <reporter-output>
          </reporter-output>
        </test-method> <!-- setUp -->
        <test-method status="PASS" signature="searchHotelsWithEmptyParams()[pri:0, instance:edu.krsvch.webdriver.test.HomePageTests@5a61f5df]" name="searchHotelsWithEmptyParams" duration-ms="14781" started-at="2019-12-10T06:08:33Z" description="case 1: Search hotel without filling in parameters" finished-at="2019-12-10T06:08:48Z">
          <reporter-output>
          </reporter-output>
        </test-method> <!-- searchHotelsWithEmptyParams -->
        <test-method status="PASS" signature="stopBrowser()[pri:0, instance:edu.krsvch.webdriver.test.HomePageTests@5a61f5df]" name="stopBrowser" is-config="true" duration-ms="682" started-at="2019-12-10T06:08:48Z" finished-at="2019-12-10T06:08:48Z">
          <reporter-output>
          </reporter-output>
        </test-method> <!-- stopBrowser -->
        <test-method status="PASS" signature="setUp()[pri:0, instance:edu.krsvch.webdriver.test.HomePageTests@5a61f5df]" name="setUp" is-config="true" duration-ms="3034" started-at="2019-12-10T06:08:48Z" finished-at="2019-12-10T06:08:51Z">
          <reporter-output>
          </reporter-output>
        </test-method> <!-- setUp -->
        <test-method status="PASS" signature="searchHotelsWithIncorrectDate()[pri:0, instance:edu.krsvch.webdriver.test.HomePageTests@5a61f5df]" name="searchHotelsWithIncorrectDate" duration-ms="10637" started-at="2019-12-10T06:08:51Z" description="case 2: Search hotel with impossible and past date in parameters" finished-at="2019-12-10T06:09:02Z">
          <reporter-output>
          </reporter-output>
        </test-method> <!-- searchHotelsWithIncorrectDate -->
        <test-method status="PASS" signature="stopBrowser()[pri:0, instance:edu.krsvch.webdriver.test.HomePageTests@5a61f5df]" name="stopBrowser" is-config="true" duration-ms="646" started-at="2019-12-10T06:09:02Z" finished-at="2019-12-10T06:09:03Z">
          <reporter-output>
          </reporter-output>
        </test-method> <!-- stopBrowser -->
        <test-method status="PASS" signature="setUp()[pri:0, instance:edu.krsvch.webdriver.test.HomePageTests@5a61f5df]" name="setUp" is-config="true" duration-ms="2852" started-at="2019-12-10T06:09:03Z" finished-at="2019-12-10T06:09:06Z">
          <reporter-output>
          </reporter-output>
        </test-method> <!-- setUp -->
        <test-method status="PASS" signature="searchHotelsWithSameFlyingFromAndGoingToData()[pri:0, instance:edu.krsvch.webdriver.test.HomePageTests@5a61f5df]" name="searchHotelsWithSameFlyingFromAndGoingToData" duration-ms="30007" started-at="2019-12-10T06:09:06Z" description="case 4: Search hotel with same &#039;flying from&#039; and &#039;going to&#039; data" finished-at="2019-12-10T06:09:36Z">
          <reporter-output>
          </reporter-output>
        </test-method> <!-- searchHotelsWithSameFlyingFromAndGoingToData -->
        <test-method status="PASS" signature="stopBrowser()[pri:0, instance:edu.krsvch.webdriver.test.HomePageTests@5a61f5df]" name="stopBrowser" is-config="true" duration-ms="780" started-at="2019-12-10T06:09:36Z" finished-at="2019-12-10T06:09:36Z">
          <reporter-output>
          </reporter-output>
        </test-method> <!-- stopBrowser -->
      </class> <!-- edu.krsvch.webdriver.test.HomePageTests -->
    </test> <!-- All tests -->
  </suite> <!-- All tests -->
</testng-results>
